[2025-09-01 00:33:21,770] 1025 httpx - INFO - HTTP Request: GET https://dagshub.com/api/v1/user "HTTP/1.1 200 OK"
[2025-09-01 00:33:21,772] 107 dagshub - INFO - Accessing as aditya-pandey-ai
[2025-09-01 00:33:22,283] 1025 httpx - INFO - HTTP Request: GET https://dagshub.com/api/v1/repos/aditya-pandey-ai/Network-Security "HTTP/1.1 200 OK"
[2025-09-01 00:33:22,665] 1025 httpx - INFO - HTTP Request: GET https://dagshub.com/api/v1/user "HTTP/1.1 200 OK"
[2025-09-01 00:33:22,666] 107 dagshub - INFO - Initialized MLflow to track repo "aditya-pandey-ai/Network-Security"
[2025-09-01 00:33:22,667] 107 dagshub - INFO - Repository aditya-pandey-ai/Network-Security initialized!
[2025-09-01 00:34:09,431] 35 root - INFO - Start data Ingestion
[2025-09-01 00:34:09,806] 41 root - INFO - Total documents in collection 'NetworkData': 11055
[2025-09-01 00:34:11,431] 47 root - INFO - DataFrame created with shape: (11055, 32)
[2025-09-01 00:34:11,435] 53 root - INFO - Final DataFrame shape after preprocessing: (11055, 31)
[2025-09-01 00:34:11,469] 70 root - INFO - Exported 11055 rows to feature store
[2025-09-01 00:34:11,470] 96 root - INFO - Splitting 11055 samples with test_size=0.2
[2025-09-01 00:34:11,472] 104 root - INFO - Train set size: 8844, Test set size: 2211
[2025-09-01 00:34:11,472] 105 root - INFO - Performed train test split on the dataframe
[2025-09-01 00:34:11,472] 107 root - INFO - Exited split_data_as_train_test method of Data_Ingestion class
[2025-09-01 00:34:11,473] 112 root - INFO - Exporting train and test file path
[2025-09-01 00:34:11,505] 120 root - INFO - Exported train and test file path.
[2025-09-01 00:34:11,505] 38 root - INFO - Data Ingestion completed and artifact: DataIngestionArtifact(trained_file_path='Artifacts/09_01_2025_00_33_19/data_ingestion/ingested/train.csv', test_file_path='Artifacts/09_01_2025_00_33_19/data_ingestion/ingested/test.csv')
[2025-09-01 00:34:11,508] 49 root - INFO - Initiate the data Validation
[2025-09-01 00:34:11,518] 31 root - INFO - required number of columns:2
[2025-09-01 00:34:11,518] 32 root - INFO - Data frame has columns :31
[2025-09-01 00:34:11,518] 31 root - INFO - required number of columns:2
[2025-09-01 00:34:11,518] 32 root - INFO - Data frame has columns :31
[2025-09-01 00:34:11,519] 46 root - INFO - Required numerical columns: ['having_IP_Address', 'URL_Length', 'Shortining_Service', 'having_At_Symbol', 'double_slash_redirecting', 'Prefix_Suffix', 'having_Sub_Domain', 'SSLfinal_State', 'Domain_registeration_length', 'Favicon', 'port', 'HTTPS_token', 'Request_URL', 'URL_of_Anchor', 'Links_in_tags', 'SFH', 'Submitting_to_email', 'Abnormal_URL', 'Redirect', 'on_mouseover', 'RightClick', 'popUpWidnow', 'Iframe', 'age_of_domain', 'DNSRecord', 'web_traffic', 'Page_Rank', 'Google_Index', 'Links_pointing_to_page', 'Statistical_report', 'Result']
[2025-09-01 00:34:11,519] 47 root - INFO - DataFrame numerical columns: ['having_IP_Address', 'URL_Length', 'Shortining_Service', 'having_At_Symbol', 'double_slash_redirecting', 'Prefix_Suffix', 'having_Sub_Domain', 'SSLfinal_State', 'Domain_registeration_length', 'Favicon', 'port', 'HTTPS_token', 'Request_URL', 'URL_of_Anchor', 'Links_in_tags', 'SFH', 'Submitting_to_email', 'Abnormal_URL', 'Redirect', 'on_mouseover', 'RightClick', 'popUpWidnow', 'Iframe', 'age_of_domain', 'DNSRecord', 'web_traffic', 'Page_Rank', 'Google_Index', 'Links_pointing_to_page', 'Statistical_report', 'Result']
[2025-09-01 00:34:11,519] 46 root - INFO - Required numerical columns: ['having_IP_Address', 'URL_Length', 'Shortining_Service', 'having_At_Symbol', 'double_slash_redirecting', 'Prefix_Suffix', 'having_Sub_Domain', 'SSLfinal_State', 'Domain_registeration_length', 'Favicon', 'port', 'HTTPS_token', 'Request_URL', 'URL_of_Anchor', 'Links_in_tags', 'SFH', 'Submitting_to_email', 'Abnormal_URL', 'Redirect', 'on_mouseover', 'RightClick', 'popUpWidnow', 'Iframe', 'age_of_domain', 'DNSRecord', 'web_traffic', 'Page_Rank', 'Google_Index', 'Links_pointing_to_page', 'Statistical_report', 'Result']
[2025-09-01 00:34:11,519] 47 root - INFO - DataFrame numerical columns: ['having_IP_Address', 'URL_Length', 'Shortining_Service', 'having_At_Symbol', 'double_slash_redirecting', 'Prefix_Suffix', 'having_Sub_Domain', 'SSLfinal_State', 'Domain_registeration_length', 'Favicon', 'port', 'HTTPS_token', 'Request_URL', 'URL_of_Anchor', 'Links_in_tags', 'SFH', 'Submitting_to_email', 'Abnormal_URL', 'Redirect', 'on_mouseover', 'RightClick', 'popUpWidnow', 'Iframe', 'age_of_domain', 'DNSRecord', 'web_traffic', 'Page_Rank', 'Google_Index', 'Links_pointing_to_page', 'Statistical_report', 'Result']
[2025-09-01 00:34:11,601] 46 root - INFO - Entered initiate_data_transformation method of DataTransformation class
[2025-09-01 00:34:11,601] 48 root - INFO - Start data transformation
[2025-09-01 00:34:11,609] 34 root - INFO - Entered get_data_transformer_object method of Transformation class
[2025-09-01 00:34:11,609] 37 root - INFO - Initialise KNN Imputer with {'missing_values': nan, 'n_neighbors': 3, 'weights': 'uniform'}
[2025-09-01 00:34:11,614] 46 root - INFO - Entered the save_object method of the MainUtils class
[2025-09-01 00:34:11,618] 50 root - INFO - Successfully saved the save_object method of the MainUtils class
[2025-09-01 00:34:11,618] 46 root - INFO - Entered the save_object method of the MainUtils class
[2025-09-01 00:34:11,625] 50 root - INFO - Successfully saved the save_object method of the MainUtils class
[2025-09-01 00:34:27,499] 46 root - INFO - Entered the save_object method of the MainUtils class
[2025-09-01 00:34:27,531] 50 root - INFO - Successfully saved the save_object method of the MainUtils class
[2025-09-01 00:34:27,531] 46 root - INFO - Entered the save_object method of the MainUtils class
[2025-09-01 00:34:27,557] 50 root - INFO - Successfully saved the save_object method of the MainUtils class
[2025-09-01 00:34:27,557] 138 root - INFO - Model trainer artifact: ModelTrainerArtifact(trained_model_file_path='Artifacts/09_01_2025_00_33_19/model_trainer/trained_model/model.pkl', train_metric_artifact=ClassificationMetricArtifact(f1_score=0.9910055583628095, precision_score=0.9889068172650263, recall_score=0.9931132266558639), test_metric_artifact=ClassificationMetricArtifact(f1_score=0.9755899104963385, precision_score=0.968497576736672, recall_score=0.9827868852459016))
