[2025-08-28 03:20:24,942] 13 root - INFO - Initiate the data ingestion
[2025-08-28 03:20:25,692] 41 root - INFO - Total documents in collection 'NetworkData': 11055
[2025-08-28 03:20:27,383] 47 root - INFO - DataFrame created with shape: (11055, 32)
[2025-08-28 03:20:27,384] 53 root - INFO - Final DataFrame shape after preprocessing: (11055, 31)
[2025-08-28 03:20:27,417] 70 root - INFO - Exported 11055 rows to feature store
[2025-08-28 03:20:27,417] 96 root - INFO - Splitting 11055 samples with test_size=0.2
[2025-08-28 03:20:27,418] 104 root - INFO - Train set size: 8844, Test set size: 2211
[2025-08-28 03:20:27,418] 105 root - INFO - Performed train test split on the dataframe
[2025-08-28 03:20:27,418] 107 root - INFO - Exited split_data_as_train_test method of Data_Ingestion class
[2025-08-28 03:20:27,418] 112 root - INFO - Exporting train and test file path
[2025-08-28 03:20:27,449] 120 root - INFO - Exported train and test file path.
[2025-08-28 03:20:27,452] 18 root - INFO - Initiate the data Validation
[2025-08-28 03:20:27,460] 31 root - INFO - required number of columns:2
[2025-08-28 03:20:27,460] 32 root - INFO - Data frame has columns :31
[2025-08-28 03:20:27,460] 31 root - INFO - required number of columns:2
[2025-08-28 03:20:27,460] 32 root - INFO - Data frame has columns :31
[2025-08-28 03:20:27,460] 46 root - INFO - Required numerical columns: ['having_IP_Address', 'URL_Length', 'Shortining_Service', 'having_At_Symbol', 'double_slash_redirecting', 'Prefix_Suffix', 'having_Sub_Domain', 'SSLfinal_State', 'Domain_registeration_length', 'Favicon', 'port', 'HTTPS_token', 'Request_URL', 'URL_of_Anchor', 'Links_in_tags', 'SFH', 'Submitting_to_email', 'Abnormal_URL', 'Redirect', 'on_mouseover', 'RightClick', 'popUpWidnow', 'Iframe', 'age_of_domain', 'DNSRecord', 'web_traffic', 'Page_Rank', 'Google_Index', 'Links_pointing_to_page', 'Statistical_report', 'Result']
[2025-08-28 03:20:27,460] 47 root - INFO - DataFrame numerical columns: ['having_IP_Address', 'URL_Length', 'Shortining_Service', 'having_At_Symbol', 'double_slash_redirecting', 'Prefix_Suffix', 'having_Sub_Domain', 'SSLfinal_State', 'Domain_registeration_length', 'Favicon', 'port', 'HTTPS_token', 'Request_URL', 'URL_of_Anchor', 'Links_in_tags', 'SFH', 'Submitting_to_email', 'Abnormal_URL', 'Redirect', 'on_mouseover', 'RightClick', 'popUpWidnow', 'Iframe', 'age_of_domain', 'DNSRecord', 'web_traffic', 'Page_Rank', 'Google_Index', 'Links_pointing_to_page', 'Statistical_report', 'Result']
[2025-08-28 03:20:27,460] 46 root - INFO - Required numerical columns: ['having_IP_Address', 'URL_Length', 'Shortining_Service', 'having_At_Symbol', 'double_slash_redirecting', 'Prefix_Suffix', 'having_Sub_Domain', 'SSLfinal_State', 'Domain_registeration_length', 'Favicon', 'port', 'HTTPS_token', 'Request_URL', 'URL_of_Anchor', 'Links_in_tags', 'SFH', 'Submitting_to_email', 'Abnormal_URL', 'Redirect', 'on_mouseover', 'RightClick', 'popUpWidnow', 'Iframe', 'age_of_domain', 'DNSRecord', 'web_traffic', 'Page_Rank', 'Google_Index', 'Links_pointing_to_page', 'Statistical_report', 'Result']
[2025-08-28 03:20:27,460] 47 root - INFO - DataFrame numerical columns: ['having_IP_Address', 'URL_Length', 'Shortining_Service', 'having_At_Symbol', 'double_slash_redirecting', 'Prefix_Suffix', 'having_Sub_Domain', 'SSLfinal_State', 'Domain_registeration_length', 'Favicon', 'port', 'HTTPS_token', 'Request_URL', 'URL_of_Anchor', 'Links_in_tags', 'SFH', 'Submitting_to_email', 'Abnormal_URL', 'Redirect', 'on_mouseover', 'RightClick', 'popUpWidnow', 'Iframe', 'age_of_domain', 'DNSRecord', 'web_traffic', 'Page_Rank', 'Google_Index', 'Links_pointing_to_page', 'Statistical_report', 'Result']
[2025-08-28 03:20:27,535] 20 root - INFO - data Validation Completed
