[2025-08-31 17:25:27,237] 1025 httpx - INFO - HTTP Request: POST https://dagshub.com/login/oauth/middleman "HTTP/1.1 200 OK"
[2025-08-31 17:25:27,817] 1025 httpx - INFO - HTTP Request: POST https://dagshub.com/login/oauth/access_token "HTTP/1.1 200 OK"
[2025-08-31 17:25:28,305] 1025 httpx - INFO - HTTP Request: GET https://dagshub.com/api/v1/user "HTTP/1.1 200 OK"
[2025-08-31 17:25:28,313] 107 dagshub - INFO - Accessing as aditya-pandey-ai
[2025-08-31 17:25:28,921] 1025 httpx - INFO - HTTP Request: GET https://dagshub.com/api/v1/repos/aditya-pandey-ai/Network-Security "HTTP/1.1 200 OK"
[2025-08-31 17:25:29,333] 1025 httpx - INFO - HTTP Request: GET https://dagshub.com/api/v1/user "HTTP/1.1 200 OK"
[2025-08-31 17:25:29,335] 107 dagshub - INFO - Initialized MLflow to track repo "aditya-pandey-ai/Network-Security"
[2025-08-31 17:25:29,335] 107 dagshub - INFO - Repository aditya-pandey-ai/Network-Security initialized!
[2025-08-31 17:25:29,336] 16 root - INFO - Initiate the data ingestion
[2025-08-31 17:25:30,261] 41 root - INFO - Total documents in collection 'NetworkData': 11055
[2025-08-31 17:25:31,699] 47 root - INFO - DataFrame created with shape: (11055, 32)
[2025-08-31 17:25:31,705] 53 root - INFO - Final DataFrame shape after preprocessing: (11055, 31)
[2025-08-31 17:25:31,740] 70 root - INFO - Exported 11055 rows to feature store
[2025-08-31 17:25:31,740] 96 root - INFO - Splitting 11055 samples with test_size=0.2
[2025-08-31 17:25:31,742] 104 root - INFO - Train set size: 8844, Test set size: 2211
[2025-08-31 17:25:31,742] 105 root - INFO - Performed train test split on the dataframe
[2025-08-31 17:25:31,742] 107 root - INFO - Exited split_data_as_train_test method of Data_Ingestion class
[2025-08-31 17:25:31,742] 112 root - INFO - Exporting train and test file path
[2025-08-31 17:25:31,777] 120 root - INFO - Exported train and test file path.
[2025-08-31 17:25:31,779] 21 root - INFO - Initiate the data Validation
[2025-08-31 17:25:31,790] 31 root - INFO - required number of columns:2
[2025-08-31 17:25:31,790] 32 root - INFO - Data frame has columns :31
[2025-08-31 17:25:31,790] 31 root - INFO - required number of columns:2
[2025-08-31 17:25:31,790] 32 root - INFO - Data frame has columns :31
[2025-08-31 17:25:31,792] 46 root - INFO - Required numerical columns: ['having_IP_Address', 'URL_Length', 'Shortining_Service', 'having_At_Symbol', 'double_slash_redirecting', 'Prefix_Suffix', 'having_Sub_Domain', 'SSLfinal_State', 'Domain_registeration_length', 'Favicon', 'port', 'HTTPS_token', 'Request_URL', 'URL_of_Anchor', 'Links_in_tags', 'SFH', 'Submitting_to_email', 'Abnormal_URL', 'Redirect', 'on_mouseover', 'RightClick', 'popUpWidnow', 'Iframe', 'age_of_domain', 'DNSRecord', 'web_traffic', 'Page_Rank', 'Google_Index', 'Links_pointing_to_page', 'Statistical_report', 'Result']
[2025-08-31 17:25:31,792] 47 root - INFO - DataFrame numerical columns: ['having_IP_Address', 'URL_Length', 'Shortining_Service', 'having_At_Symbol', 'double_slash_redirecting', 'Prefix_Suffix', 'having_Sub_Domain', 'SSLfinal_State', 'Domain_registeration_length', 'Favicon', 'port', 'HTTPS_token', 'Request_URL', 'URL_of_Anchor', 'Links_in_tags', 'SFH', 'Submitting_to_email', 'Abnormal_URL', 'Redirect', 'on_mouseover', 'RightClick', 'popUpWidnow', 'Iframe', 'age_of_domain', 'DNSRecord', 'web_traffic', 'Page_Rank', 'Google_Index', 'Links_pointing_to_page', 'Statistical_report', 'Result']
[2025-08-31 17:25:31,792] 46 root - INFO - Required numerical columns: ['having_IP_Address', 'URL_Length', 'Shortining_Service', 'having_At_Symbol', 'double_slash_redirecting', 'Prefix_Suffix', 'having_Sub_Domain', 'SSLfinal_State', 'Domain_registeration_length', 'Favicon', 'port', 'HTTPS_token', 'Request_URL', 'URL_of_Anchor', 'Links_in_tags', 'SFH', 'Submitting_to_email', 'Abnormal_URL', 'Redirect', 'on_mouseover', 'RightClick', 'popUpWidnow', 'Iframe', 'age_of_domain', 'DNSRecord', 'web_traffic', 'Page_Rank', 'Google_Index', 'Links_pointing_to_page', 'Statistical_report', 'Result']
[2025-08-31 17:25:31,792] 47 root - INFO - DataFrame numerical columns: ['having_IP_Address', 'URL_Length', 'Shortining_Service', 'having_At_Symbol', 'double_slash_redirecting', 'Prefix_Suffix', 'having_Sub_Domain', 'SSLfinal_State', 'Domain_registeration_length', 'Favicon', 'port', 'HTTPS_token', 'Request_URL', 'URL_of_Anchor', 'Links_in_tags', 'SFH', 'Submitting_to_email', 'Abnormal_URL', 'Redirect', 'on_mouseover', 'RightClick', 'popUpWidnow', 'Iframe', 'age_of_domain', 'DNSRecord', 'web_traffic', 'Page_Rank', 'Google_Index', 'Links_pointing_to_page', 'Statistical_report', 'Result']
[2025-08-31 17:25:31,876] 23 root - INFO - data Validation Completed
[2025-08-31 17:25:31,877] 27 root - INFO - Initiate the data Transformation
[2025-08-31 17:25:31,877] 46 root - INFO - Entered initiate_data_transformation method of DataTransformation class
[2025-08-31 17:25:31,877] 48 root - INFO - Start data transformation
[2025-08-31 17:25:31,886] 34 root - INFO - Entered get_data_transformer_object method of Transformation class
[2025-08-31 17:25:31,886] 37 root - INFO - Initialise KNN Imputer with {'missing_values': nan, 'n_neighbors': 3, 'weights': 'uniform'}
[2025-08-31 17:25:31,891] 46 root - INFO - Entered the save_object method of the MainUtils class
[2025-08-31 17:25:31,895] 50 root - INFO - Successfully saved the save_object method of the MainUtils class
[2025-08-31 17:25:31,896] 29 root - INFO - data Transformation Completed
[2025-08-31 17:25:31,896] 31 root - INFO - Initiate the Model Training
