[2025-09-15 22:31:53,650] 86 dagshub.auth.tokens - WARNING - The added token already exists in the token cache, skipping
[2025-09-15 22:31:54,109] 1025 httpx - INFO - HTTP Request: GET https://dagshub.com/api/v1/user "HTTP/1.1 200 OK"
[2025-09-15 22:31:54,119] 107 dagshub - INFO - Accessing as aditya-pandey-ai
[2025-09-15 22:31:54,789] 1025 httpx - INFO - HTTP Request: GET https://dagshub.com/api/v1/repos/aditya-pandey-ai/Network-Security "HTTP/1.1 200 OK"
[2025-09-15 22:31:55,289] 1025 httpx - INFO - HTTP Request: GET https://dagshub.com/api/v1/user "HTTP/1.1 200 OK"
[2025-09-15 22:31:55,293] 107 dagshub - INFO - Initialized MLflow to track repo "aditya-pandey-ai/Network-Security"
[2025-09-15 22:31:55,293] 107 dagshub - INFO - Repository aditya-pandey-ai/Network-Security initialized!
[2025-09-15 22:32:10,624] 40 root - INFO - Start data Ingestion
[2025-09-15 22:32:11,151] 41 root - INFO - Total documents in collection 'NetworkData': 11055
[2025-09-15 22:32:12,376] 47 root - INFO - DataFrame created with shape: (11055, 32)
[2025-09-15 22:32:12,380] 53 root - INFO - Final DataFrame shape after preprocessing: (11055, 31)
[2025-09-15 22:32:12,413] 70 root - INFO - Exported 11055 rows to feature store
[2025-09-15 22:32:12,413] 96 root - INFO - Splitting 11055 samples with test_size=0.2
[2025-09-15 22:32:12,414] 104 root - INFO - Train set size: 8844, Test set size: 2211
[2025-09-15 22:32:12,414] 105 root - INFO - Performed train test split on the dataframe
[2025-09-15 22:32:12,414] 107 root - INFO - Exited split_data_as_train_test method of Data_Ingestion class
[2025-09-15 22:32:12,414] 112 root - INFO - Exporting train and test file path
[2025-09-15 22:32:12,445] 120 root - INFO - Exported train and test file path.
[2025-09-15 22:32:12,445] 43 root - INFO - Data Ingestion completed and artifact: DataIngestionArtifact(trained_file_path='Artifacts/09_15_2025_22_31_52/data_ingestion/ingested/train.csv', test_file_path='Artifacts/09_15_2025_22_31_52/data_ingestion/ingested/test.csv')
[2025-09-15 22:32:12,448] 68 root - INFO - Initiate the data Validation
[2025-09-15 22:32:12,457] 31 root - INFO - required number of columns:2
[2025-09-15 22:32:12,457] 32 root - INFO - Data frame has columns :31
[2025-09-15 22:32:12,457] 31 root - INFO - required number of columns:2
[2025-09-15 22:32:12,457] 32 root - INFO - Data frame has columns :31
[2025-09-15 22:32:12,458] 46 root - INFO - Required numerical columns: ['having_IP_Address', 'URL_Length', 'Shortining_Service', 'having_At_Symbol', 'double_slash_redirecting', 'Prefix_Suffix', 'having_Sub_Domain', 'SSLfinal_State', 'Domain_registeration_length', 'Favicon', 'port', 'HTTPS_token', 'Request_URL', 'URL_of_Anchor', 'Links_in_tags', 'SFH', 'Submitting_to_email', 'Abnormal_URL', 'Redirect', 'on_mouseover', 'RightClick', 'popUpWidnow', 'Iframe', 'age_of_domain', 'DNSRecord', 'web_traffic', 'Page_Rank', 'Google_Index', 'Links_pointing_to_page', 'Statistical_report', 'Result']
[2025-09-15 22:32:12,458] 47 root - INFO - DataFrame numerical columns: ['having_IP_Address', 'URL_Length', 'Shortining_Service', 'having_At_Symbol', 'double_slash_redirecting', 'Prefix_Suffix', 'having_Sub_Domain', 'SSLfinal_State', 'Domain_registeration_length', 'Favicon', 'port', 'HTTPS_token', 'Request_URL', 'URL_of_Anchor', 'Links_in_tags', 'SFH', 'Submitting_to_email', 'Abnormal_URL', 'Redirect', 'on_mouseover', 'RightClick', 'popUpWidnow', 'Iframe', 'age_of_domain', 'DNSRecord', 'web_traffic', 'Page_Rank', 'Google_Index', 'Links_pointing_to_page', 'Statistical_report', 'Result']
[2025-09-15 22:32:12,458] 46 root - INFO - Required numerical columns: ['having_IP_Address', 'URL_Length', 'Shortining_Service', 'having_At_Symbol', 'double_slash_redirecting', 'Prefix_Suffix', 'having_Sub_Domain', 'SSLfinal_State', 'Domain_registeration_length', 'Favicon', 'port', 'HTTPS_token', 'Request_URL', 'URL_of_Anchor', 'Links_in_tags', 'SFH', 'Submitting_to_email', 'Abnormal_URL', 'Redirect', 'on_mouseover', 'RightClick', 'popUpWidnow', 'Iframe', 'age_of_domain', 'DNSRecord', 'web_traffic', 'Page_Rank', 'Google_Index', 'Links_pointing_to_page', 'Statistical_report', 'Result']
[2025-09-15 22:32:12,458] 47 root - INFO - DataFrame numerical columns: ['having_IP_Address', 'URL_Length', 'Shortining_Service', 'having_At_Symbol', 'double_slash_redirecting', 'Prefix_Suffix', 'having_Sub_Domain', 'SSLfinal_State', 'Domain_registeration_length', 'Favicon', 'port', 'HTTPS_token', 'Request_URL', 'URL_of_Anchor', 'Links_in_tags', 'SFH', 'Submitting_to_email', 'Abnormal_URL', 'Redirect', 'on_mouseover', 'RightClick', 'popUpWidnow', 'Iframe', 'age_of_domain', 'DNSRecord', 'web_traffic', 'Page_Rank', 'Google_Index', 'Links_pointing_to_page', 'Statistical_report', 'Result']
[2025-09-15 22:32:12,534] 46 root - INFO - Entered initiate_data_transformation method of DataTransformation class
[2025-09-15 22:32:12,534] 48 root - INFO - Start data transformation
[2025-09-15 22:32:12,543] 34 root - INFO - Entered get_data_transformer_object method of Transformation class
[2025-09-15 22:32:12,543] 37 root - INFO - Initialise KNN Imputer with {'missing_values': nan, 'n_neighbors': 3, 'weights': 'uniform'}
[2025-09-15 22:32:12,548] 46 root - INFO - Entered the save_object method of the MainUtils class
[2025-09-15 22:32:12,548] 50 root - INFO - Successfully saved the save_object method of the MainUtils class
[2025-09-15 22:32:12,548] 46 root - INFO - Entered the save_object method of the MainUtils class
[2025-09-15 22:32:12,549] 50 root - INFO - Successfully saved the save_object method of the MainUtils class
[2025-09-15 22:32:29,096] 46 root - INFO - Entered the save_object method of the MainUtils class
[2025-09-15 22:32:29,127] 50 root - INFO - Successfully saved the save_object method of the MainUtils class
[2025-09-15 22:32:29,128] 46 root - INFO - Entered the save_object method of the MainUtils class
[2025-09-15 22:32:29,151] 50 root - INFO - Successfully saved the save_object method of the MainUtils class
[2025-09-15 22:32:29,152] 150 root - INFO - Model trainer artifact: ModelTrainerArtifact(trained_model_file_path='Artifacts/09_15_2025_22_31_52/model_trainer/trained_model/model.pkl', train_metric_artifact=ClassificationMetricArtifact(f1_score=0.991007375972517, precision_score=0.9887096774193549, recall_score=0.9933157788130443), test_metric_artifact=ClassificationMetricArtifact(f1_score=0.9775967413441955, precision_score=0.97165991902834, recall_score=0.9836065573770492))
