[2025-09-15 22:28:03,252] 1025 httpx - INFO - HTTP Request: GET https://dagshub.com/api/v1/user "HTTP/1.1 200 OK"
[2025-09-15 22:28:03,669] 1025 httpx - INFO - HTTP Request: GET https://dagshub.com/api/v1/user "HTTP/1.1 200 OK"
[2025-09-15 22:28:03,676] 107 dagshub - INFO - Accessing as aditya-pandey-ai
[2025-09-15 22:28:04,153] 1025 httpx - INFO - HTTP Request: GET https://dagshub.com/api/v1/repos/aditya-pandey-ai/Network-Security "HTTP/1.1 200 OK"
[2025-09-15 22:28:04,592] 1025 httpx - INFO - HTTP Request: GET https://dagshub.com/api/v1/user "HTTP/1.1 200 OK"
[2025-09-15 22:28:04,596] 107 dagshub - INFO - Initialized MLflow to track repo "aditya-pandey-ai/Network-Security"
[2025-09-15 22:28:04,596] 107 dagshub - INFO - Repository aditya-pandey-ai/Network-Security initialized!
[2025-09-15 22:28:19,288] 40 root - INFO - Start data Ingestion
[2025-09-15 22:28:19,844] 41 root - INFO - Total documents in collection 'NetworkData': 11055
[2025-09-15 22:28:21,276] 47 root - INFO - DataFrame created with shape: (11055, 32)
[2025-09-15 22:28:21,280] 53 root - INFO - Final DataFrame shape after preprocessing: (11055, 31)
[2025-09-15 22:28:21,312] 70 root - INFO - Exported 11055 rows to feature store
[2025-09-15 22:28:21,312] 96 root - INFO - Splitting 11055 samples with test_size=0.2
[2025-09-15 22:28:21,314] 104 root - INFO - Train set size: 8844, Test set size: 2211
[2025-09-15 22:28:21,314] 105 root - INFO - Performed train test split on the dataframe
[2025-09-15 22:28:21,314] 107 root - INFO - Exited split_data_as_train_test method of Data_Ingestion class
[2025-09-15 22:28:21,314] 112 root - INFO - Exporting train and test file path
[2025-09-15 22:28:21,345] 120 root - INFO - Exported train and test file path.
[2025-09-15 22:28:21,345] 43 root - INFO - Data Ingestion completed and artifact: DataIngestionArtifact(trained_file_path='Artifacts/09_15_2025_22_28_00/data_ingestion/ingested/train.csv', test_file_path='Artifacts/09_15_2025_22_28_00/data_ingestion/ingested/test.csv')
[2025-09-15 22:28:21,348] 68 root - INFO - Initiate the data Validation
[2025-09-15 22:28:21,356] 31 root - INFO - required number of columns:2
[2025-09-15 22:28:21,356] 32 root - INFO - Data frame has columns :31
[2025-09-15 22:28:21,356] 31 root - INFO - required number of columns:2
[2025-09-15 22:28:21,356] 32 root - INFO - Data frame has columns :31
[2025-09-15 22:28:21,357] 46 root - INFO - Required numerical columns: ['having_IP_Address', 'URL_Length', 'Shortining_Service', 'having_At_Symbol', 'double_slash_redirecting', 'Prefix_Suffix', 'having_Sub_Domain', 'SSLfinal_State', 'Domain_registeration_length', 'Favicon', 'port', 'HTTPS_token', 'Request_URL', 'URL_of_Anchor', 'Links_in_tags', 'SFH', 'Submitting_to_email', 'Abnormal_URL', 'Redirect', 'on_mouseover', 'RightClick', 'popUpWidnow', 'Iframe', 'age_of_domain', 'DNSRecord', 'web_traffic', 'Page_Rank', 'Google_Index', 'Links_pointing_to_page', 'Statistical_report', 'Result']
[2025-09-15 22:28:21,357] 47 root - INFO - DataFrame numerical columns: ['having_IP_Address', 'URL_Length', 'Shortining_Service', 'having_At_Symbol', 'double_slash_redirecting', 'Prefix_Suffix', 'having_Sub_Domain', 'SSLfinal_State', 'Domain_registeration_length', 'Favicon', 'port', 'HTTPS_token', 'Request_URL', 'URL_of_Anchor', 'Links_in_tags', 'SFH', 'Submitting_to_email', 'Abnormal_URL', 'Redirect', 'on_mouseover', 'RightClick', 'popUpWidnow', 'Iframe', 'age_of_domain', 'DNSRecord', 'web_traffic', 'Page_Rank', 'Google_Index', 'Links_pointing_to_page', 'Statistical_report', 'Result']
[2025-09-15 22:28:21,357] 46 root - INFO - Required numerical columns: ['having_IP_Address', 'URL_Length', 'Shortining_Service', 'having_At_Symbol', 'double_slash_redirecting', 'Prefix_Suffix', 'having_Sub_Domain', 'SSLfinal_State', 'Domain_registeration_length', 'Favicon', 'port', 'HTTPS_token', 'Request_URL', 'URL_of_Anchor', 'Links_in_tags', 'SFH', 'Submitting_to_email', 'Abnormal_URL', 'Redirect', 'on_mouseover', 'RightClick', 'popUpWidnow', 'Iframe', 'age_of_domain', 'DNSRecord', 'web_traffic', 'Page_Rank', 'Google_Index', 'Links_pointing_to_page', 'Statistical_report', 'Result']
[2025-09-15 22:28:21,357] 47 root - INFO - DataFrame numerical columns: ['having_IP_Address', 'URL_Length', 'Shortining_Service', 'having_At_Symbol', 'double_slash_redirecting', 'Prefix_Suffix', 'having_Sub_Domain', 'SSLfinal_State', 'Domain_registeration_length', 'Favicon', 'port', 'HTTPS_token', 'Request_URL', 'URL_of_Anchor', 'Links_in_tags', 'SFH', 'Submitting_to_email', 'Abnormal_URL', 'Redirect', 'on_mouseover', 'RightClick', 'popUpWidnow', 'Iframe', 'age_of_domain', 'DNSRecord', 'web_traffic', 'Page_Rank', 'Google_Index', 'Links_pointing_to_page', 'Statistical_report', 'Result']
[2025-09-15 22:28:21,433] 46 root - INFO - Entered initiate_data_transformation method of DataTransformation class
[2025-09-15 22:28:21,433] 48 root - INFO - Start data transformation
[2025-09-15 22:28:21,442] 34 root - INFO - Entered get_data_transformer_object method of Transformation class
[2025-09-15 22:28:21,442] 37 root - INFO - Initialise KNN Imputer with {'missing_values': nan, 'n_neighbors': 3, 'weights': 'uniform'}
[2025-09-15 22:28:21,447] 46 root - INFO - Entered the save_object method of the MainUtils class
[2025-09-15 22:28:21,449] 50 root - INFO - Successfully saved the save_object method of the MainUtils class
[2025-09-15 22:28:21,449] 46 root - INFO - Entered the save_object method of the MainUtils class
[2025-09-15 22:28:21,453] 50 root - INFO - Successfully saved the save_object method of the MainUtils class
