[2025-08-31 18:06:55,397] 1025 httpx - INFO - HTTP Request: GET https://dagshub.com/api/v1/user "HTTP/1.1 200 OK"
[2025-08-31 18:06:55,403] 107 dagshub - INFO - Accessing as aditya-pandey-ai
[2025-08-31 18:06:55,959] 1025 httpx - INFO - HTTP Request: GET https://dagshub.com/api/v1/repos/aditya-pandey-ai/Network-Security "HTTP/1.1 200 OK"
[2025-08-31 18:06:56,372] 1025 httpx - INFO - HTTP Request: GET https://dagshub.com/api/v1/user "HTTP/1.1 200 OK"
[2025-08-31 18:06:56,376] 107 dagshub - INFO - Initialized MLflow to track repo "aditya-pandey-ai/Network-Security"
[2025-08-31 18:06:56,376] 107 dagshub - INFO - Repository aditya-pandey-ai/Network-Security initialized!
[2025-08-31 18:06:56,377] 16 root - INFO - Initiate the data ingestion
[2025-08-31 18:06:57,450] 41 root - INFO - Total documents in collection 'NetworkData': 11055
[2025-08-31 18:06:59,309] 47 root - INFO - DataFrame created with shape: (11055, 32)
[2025-08-31 18:06:59,313] 53 root - INFO - Final DataFrame shape after preprocessing: (11055, 31)
[2025-08-31 18:06:59,347] 70 root - INFO - Exported 11055 rows to feature store
[2025-08-31 18:06:59,348] 96 root - INFO - Splitting 11055 samples with test_size=0.2
[2025-08-31 18:06:59,349] 104 root - INFO - Train set size: 8844, Test set size: 2211
[2025-08-31 18:06:59,349] 105 root - INFO - Performed train test split on the dataframe
[2025-08-31 18:06:59,349] 107 root - INFO - Exited split_data_as_train_test method of Data_Ingestion class
[2025-08-31 18:06:59,349] 112 root - INFO - Exporting train and test file path
[2025-08-31 18:06:59,382] 120 root - INFO - Exported train and test file path.
[2025-08-31 18:06:59,385] 21 root - INFO - Initiate the data Validation
[2025-08-31 18:06:59,396] 31 root - INFO - required number of columns:2
[2025-08-31 18:06:59,396] 32 root - INFO - Data frame has columns :31
[2025-08-31 18:06:59,396] 31 root - INFO - required number of columns:2
[2025-08-31 18:06:59,396] 32 root - INFO - Data frame has columns :31
[2025-08-31 18:06:59,397] 46 root - INFO - Required numerical columns: ['having_IP_Address', 'URL_Length', 'Shortining_Service', 'having_At_Symbol', 'double_slash_redirecting', 'Prefix_Suffix', 'having_Sub_Domain', 'SSLfinal_State', 'Domain_registeration_length', 'Favicon', 'port', 'HTTPS_token', 'Request_URL', 'URL_of_Anchor', 'Links_in_tags', 'SFH', 'Submitting_to_email', 'Abnormal_URL', 'Redirect', 'on_mouseover', 'RightClick', 'popUpWidnow', 'Iframe', 'age_of_domain', 'DNSRecord', 'web_traffic', 'Page_Rank', 'Google_Index', 'Links_pointing_to_page', 'Statistical_report', 'Result']
[2025-08-31 18:06:59,397] 47 root - INFO - DataFrame numerical columns: ['having_IP_Address', 'URL_Length', 'Shortining_Service', 'having_At_Symbol', 'double_slash_redirecting', 'Prefix_Suffix', 'having_Sub_Domain', 'SSLfinal_State', 'Domain_registeration_length', 'Favicon', 'port', 'HTTPS_token', 'Request_URL', 'URL_of_Anchor', 'Links_in_tags', 'SFH', 'Submitting_to_email', 'Abnormal_URL', 'Redirect', 'on_mouseover', 'RightClick', 'popUpWidnow', 'Iframe', 'age_of_domain', 'DNSRecord', 'web_traffic', 'Page_Rank', 'Google_Index', 'Links_pointing_to_page', 'Statistical_report', 'Result']
[2025-08-31 18:06:59,397] 46 root - INFO - Required numerical columns: ['having_IP_Address', 'URL_Length', 'Shortining_Service', 'having_At_Symbol', 'double_slash_redirecting', 'Prefix_Suffix', 'having_Sub_Domain', 'SSLfinal_State', 'Domain_registeration_length', 'Favicon', 'port', 'HTTPS_token', 'Request_URL', 'URL_of_Anchor', 'Links_in_tags', 'SFH', 'Submitting_to_email', 'Abnormal_URL', 'Redirect', 'on_mouseover', 'RightClick', 'popUpWidnow', 'Iframe', 'age_of_domain', 'DNSRecord', 'web_traffic', 'Page_Rank', 'Google_Index', 'Links_pointing_to_page', 'Statistical_report', 'Result']
[2025-08-31 18:06:59,397] 47 root - INFO - DataFrame numerical columns: ['having_IP_Address', 'URL_Length', 'Shortining_Service', 'having_At_Symbol', 'double_slash_redirecting', 'Prefix_Suffix', 'having_Sub_Domain', 'SSLfinal_State', 'Domain_registeration_length', 'Favicon', 'port', 'HTTPS_token', 'Request_URL', 'URL_of_Anchor', 'Links_in_tags', 'SFH', 'Submitting_to_email', 'Abnormal_URL', 'Redirect', 'on_mouseover', 'RightClick', 'popUpWidnow', 'Iframe', 'age_of_domain', 'DNSRecord', 'web_traffic', 'Page_Rank', 'Google_Index', 'Links_pointing_to_page', 'Statistical_report', 'Result']
[2025-08-31 18:06:59,479] 23 root - INFO - data Validation Completed
[2025-08-31 18:06:59,479] 27 root - INFO - Initiate the data Transformation
[2025-08-31 18:06:59,479] 46 root - INFO - Entered initiate_data_transformation method of DataTransformation class
[2025-08-31 18:06:59,479] 48 root - INFO - Start data transformation
[2025-08-31 18:06:59,491] 34 root - INFO - Entered get_data_transformer_object method of Transformation class
[2025-08-31 18:06:59,491] 37 root - INFO - Initialise KNN Imputer with {'missing_values': nan, 'n_neighbors': 3, 'weights': 'uniform'}
[2025-08-31 18:06:59,496] 46 root - INFO - Entered the save_object method of the MainUtils class
[2025-08-31 18:06:59,498] 50 root - INFO - Successfully saved the save_object method of the MainUtils class
[2025-08-31 18:06:59,499] 29 root - INFO - data Transformation Completed
[2025-08-31 18:06:59,499] 31 root - INFO - Initiate the Model Training
[2025-08-31 18:07:17,243] 59 root - WARNING - MLflow tracking failed: INTERNAL_ERROR: Response: {'error': 'unsupported endpoint, please contact support@dagshub.com'}
[2025-08-31 18:07:17,248] 46 root - INFO - Entered the save_object method of the MainUtils class
[2025-08-31 18:07:17,285] 50 root - INFO - Successfully saved the save_object method of the MainUtils class
[2025-08-31 18:07:17,285] 46 root - INFO - Entered the save_object method of the MainUtils class
[2025-08-31 18:07:17,316] 50 root - INFO - Successfully saved the save_object method of the MainUtils class
[2025-08-31 18:07:17,316] 138 root - INFO - Model trainer artifact: ModelTrainerArtifact(trained_model_file_path='Artifacts/08_31_2025_18_06_52/model_trainer/trained_model/model.pkl', train_metric_artifact=ClassificationMetricArtifact(f1_score=0.991011008988991, precision_score=0.9883158742949234, recall_score=0.9937208831274053), test_metric_artifact=ClassificationMetricArtifact(f1_score=0.9759478189971463, precision_score=0.9708029197080292, recall_score=0.9811475409836066))
[2025-08-31 18:07:17,317] 35 root - INFO - Model Training Completed
